<?xml version="1.0" encoding="UTF-8"?>
<!-- Generated by org.testng.reporters.JUnitXMLReporter -->
<testsuite ignored="0" hostname="WINDOWS-GKSF9M4" failures="1" tests="1" name="Test" time="0.03" errors="0" timestamp="2023-11-06T10:50:22 IST">
  <testcase classname="testscript.LoginTest" name="test" time="0.0">
    <failure type="org.testng.TestNGException" message="
Found two providers called &amp;apos;Authentication&amp;apos; on class testscript.LoginTest">
      <![CDATA[org.testng.TestNGException: 
Found two providers called 'Authentication' on class testscript.LoginTest
at java.base/java.util.ArrayList.forEach(ArrayList.java:1596)
... Removed 25 stack frames]]>
    </failure>
  </testcase> <!-- test -->
</testsuite> <!-- Test -->
